<?xml version="1.0" encoding="UTF-8"?>
<testng-results ignored="0" total="1" passed="1" failed="0" skipped="0">
  <reporter-output>
  </reporter-output>
  <suite started-at="2023-04-18T10:45:38 IST" name="Default suite" finished-at="2023-04-18T10:46:12 IST" duration-ms="33658">
    <groups>
    </groups>
    <test started-at="2023-04-18T10:45:38 IST" name="Default test" finished-at="2023-04-18T10:46:12 IST" duration-ms="33658">
      <class name="TestCases.LoginTestCase1">
        <test-method signature="login()[pri:0, instance:TestCases.LoginTestCase1@15c43bd9]" started-at="2023-04-18T10:45:38 IST" name="login" finished-at="2023-04-18T10:46:12 IST" duration-ms="33498" status="PASS">
          <reporter-output>
          </reporter-output>
        </test-method> <!-- login -->
      </class> <!-- TestCases.LoginTestCase1 -->
    </test> <!-- Default test -->
  </suite> <!-- Default suite -->
</testng-results>
